<?xml version="1.0" encoding="UTF-8" ?>
<testsuite failures="0" time="0.981" errors="1" skipped="0" tests="2" name="sengGroup.AppTest">
  <properties>
    <property name="java.runtime.name" value="Java(TM) SE Runtime Environment"/>
    <property name="sun.boot.library.path" value="C:\Java\jdk1.6.0_16\jre\bin"/>
    <property name="java.vm.version" value="14.2-b01"/>
    <property name="java.vm.vendor" value="Sun Microsystems Inc."/>
    <property name="java.vendor.url" value="http://java.sun.com/"/>
    <property name="path.separator" value=";"/>
    <property name="java.vm.name" value="Java HotSpot(TM) 64-Bit Server VM"/>
    <property name="file.encoding.pkg" value="sun.io"/>
    <property name="user.country" value="AU"/>
    <property name="sun.java.launcher" value="SUN_STANDARD"/>
    <property name="sun.os.patch.level" value=""/>
    <property name="java.vm.specification.name" value="Java Virtual Machine Specification"/>
    <property name="user.dir" value="C:\Users\Joseph\Documents\CSE-2010\se2020\Development\Workshop-2B\scalaCardLift"/>
    <property name="java.runtime.version" value="1.6.0_16-b01"/>
    <property name="java.awt.graphicsenv" value="sun.awt.Win32GraphicsEnvironment"/>
    <property name="basedir" value="C:\Users\Joseph\Documents\CSE-2010\se2020\Development\Workshop-2B\scalaCardLift"/>
    <property name="java.endorsed.dirs" value="C:\Java\jdk1.6.0_16\jre\lib\endorsed"/>
    <property name="os.arch" value="amd64"/>
    <property name="surefire.real.class.path" value="C:\Users\Joseph\AppData\Local\Temp\surefirebooter388228225569781531.jar"/>
    <property name="java.io.tmpdir" value="C:\Users\Joseph\AppData\Local\Temp\"/>
    <property name="line.separator" value="
"/>
    <property name="java.vm.specification.vendor" value="Sun Microsystems Inc."/>
    <property name="user.variant" value=""/>
    <property name="os.name" value="Windows 7"/>
    <property name="sun.jnu.encoding" value="Cp1252"/>
    <property name="java.library.path" value="C:\Java\jdk1.6.0_16\jre\bin;.;C:\Windows\Sun\Java\bin;C:\Windows\system32;C:\Windows;C:\Program Files (x86)\liftweb-1.0.1\bin;C:\Program Files (x86)\liftweb-1.0.1/apache-maven/bin;;C:\Program Files (x86)\MiKTeX 2.8\miktex\bin;C:\Windows\system32;C:\Windows;C:\Windows\System32\Wbem;C:\Windows\System32\WindowsPowerShell\v1.0\;C:\Program Files (x86)\ATI Technologies\ATI.ACE\Core-Static;C:\Program Files (x86)\QuickTime\QTSystem\;C:\Program Files (x86)\Haskell Platform\2009.2.0.2\bin;C:\Program Files (x86)\Haskell Platform\2009.2.0.2\extralibs\bin;C:\Program Files (x86)\Haskell\bin;C:\Java\jdk1.6.0_16\bin;C:\Ruby192\bin"/>
    <property name="surefire.test.class.path" value="C:\Users\Joseph\Documents\CSE-2010\se2020\Development\Workshop-2B\scalaCardLift\target\test-classes;C:\Users\Joseph\Documents\CSE-2010\se2020\Development\Workshop-2B\scalaCardLift\target\classes;C:\Users\Joseph\.m2\repository\org\scala-lang\scala-library\2.7.3\scala-library-2.7.3.jar;C:\Users\Joseph\.m2\repository\net\liftweb\lift-util\1.0\lift-util-1.0.jar;C:\Users\Joseph\.m2\repository\log4j\log4j\1.2.14\log4j-1.2.14.jar;C:\Users\Joseph\.m2\repository\javax\mail\mail\1.4\mail-1.4.jar;C:\Users\Joseph\.m2\repository\javax\activation\activation\1.1\activation-1.1.jar;C:\Users\Joseph\.m2\repository\commons-httpclient\commons-httpclient\3.1\commons-httpclient-3.1.jar;C:\Users\Joseph\.m2\repository\commons-logging\commons-logging\1.0.4\commons-logging-1.0.4.jar;C:\Users\Joseph\.m2\repository\commons-codec\commons-codec\1.3\commons-codec-1.3.jar;C:\Users\Joseph\.m2\repository\commons-fileupload\commons-fileupload\1.2.1\commons-fileupload-1.2.1.jar;C:\Users\Joseph\.m2\repository\commons-collections\commons-collections\3.2.1\commons-collections-3.2.1.jar;C:\Users\Joseph\.m2\repository\net\liftweb\lift-webkit\1.0\lift-webkit-1.0.jar;C:\Users\Joseph\.m2\repository\net\liftweb\lift-mapper\1.0\lift-mapper-1.0.jar;C:\Users\Joseph\.m2\repository\javax\servlet\servlet-api\2.5\servlet-api-2.5.jar;C:\Users\Joseph\.m2\repository\junit\junit\4.5\junit-4.5.jar;C:\Users\Joseph\.m2\repository\org\mortbay\jetty\jetty\6.1.25\jetty-6.1.25.jar;C:\Users\Joseph\.m2\repository\org\mortbay\jetty\jetty-util\6.1.25\jetty-util-6.1.25.jar;C:\Users\Joseph\.m2\repository\org\mortbay\jetty\servlet-api\2.5-20081211\servlet-api-2.5-20081211.jar;C:\Users\Joseph\.m2\repository\org\scala-lang\scala-compiler\2.7.3\scala-compiler-2.7.3.jar;"/>
    <property name="java.specification.name" value="Java Platform API Specification"/>
    <property name="java.class.version" value="50.0"/>
    <property name="sun.management.compiler" value="HotSpot 64-Bit Server Compiler"/>
    <property name="os.version" value="6.1"/>
    <property name="user.home" value="C:\Users\Joseph"/>
    <property name="user.timezone" value=""/>
    <property name="java.awt.printerjob" value="sun.awt.windows.WPrinterJob"/>
    <property name="java.specification.version" value="1.6"/>
    <property name="file.encoding" value="Cp1252"/>
    <property name="user.name" value="Joseph"/>
    <property name="java.class.path" value="C:\Users\Joseph\Documents\CSE-2010\se2020\Development\Workshop-2B\scalaCardLift\target\test-classes;C:\Users\Joseph\Documents\CSE-2010\se2020\Development\Workshop-2B\scalaCardLift\target\classes;C:\Users\Joseph\.m2\repository\org\scala-lang\scala-library\2.7.3\scala-library-2.7.3.jar;C:\Users\Joseph\.m2\repository\net\liftweb\lift-util\1.0\lift-util-1.0.jar;C:\Users\Joseph\.m2\repository\log4j\log4j\1.2.14\log4j-1.2.14.jar;C:\Users\Joseph\.m2\repository\javax\mail\mail\1.4\mail-1.4.jar;C:\Users\Joseph\.m2\repository\javax\activation\activation\1.1\activation-1.1.jar;C:\Users\Joseph\.m2\repository\commons-httpclient\commons-httpclient\3.1\commons-httpclient-3.1.jar;C:\Users\Joseph\.m2\repository\commons-logging\commons-logging\1.0.4\commons-logging-1.0.4.jar;C:\Users\Joseph\.m2\repository\commons-codec\commons-codec\1.3\commons-codec-1.3.jar;C:\Users\Joseph\.m2\repository\commons-fileupload\commons-fileupload\1.2.1\commons-fileupload-1.2.1.jar;C:\Users\Joseph\.m2\repository\commons-collections\commons-collections\3.2.1\commons-collections-3.2.1.jar;C:\Users\Joseph\.m2\repository\net\liftweb\lift-webkit\1.0\lift-webkit-1.0.jar;C:\Users\Joseph\.m2\repository\net\liftweb\lift-mapper\1.0\lift-mapper-1.0.jar;C:\Users\Joseph\.m2\repository\javax\servlet\servlet-api\2.5\servlet-api-2.5.jar;C:\Users\Joseph\.m2\repository\junit\junit\4.5\junit-4.5.jar;C:\Users\Joseph\.m2\repository\org\mortbay\jetty\jetty\6.1.25\jetty-6.1.25.jar;C:\Users\Joseph\.m2\repository\org\mortbay\jetty\jetty-util\6.1.25\jetty-util-6.1.25.jar;C:\Users\Joseph\.m2\repository\org\mortbay\jetty\servlet-api\2.5-20081211\servlet-api-2.5-20081211.jar;C:\Users\Joseph\.m2\repository\org\scala-lang\scala-compiler\2.7.3\scala-compiler-2.7.3.jar;"/>
    <property name="java.vm.specification.version" value="1.0"/>
    <property name="sun.arch.data.model" value="64"/>
    <property name="java.home" value="C:\Java\jdk1.6.0_16\jre"/>
    <property name="java.specification.vendor" value="Sun Microsystems Inc."/>
    <property name="user.language" value="en"/>
    <property name="awt.toolkit" value="sun.awt.windows.WToolkit"/>
    <property name="java.vm.info" value="mixed mode"/>
    <property name="java.version" value="1.6.0_16"/>
    <property name="java.ext.dirs" value="C:\Java\jdk1.6.0_16\jre\lib\ext;C:\Windows\Sun\Java\lib\ext"/>
    <property name="sun.boot.class.path" value="C:\Java\jdk1.6.0_16\jre\lib\resources.jar;C:\Java\jdk1.6.0_16\jre\lib\rt.jar;C:\Java\jdk1.6.0_16\jre\lib\sunrsasign.jar;C:\Java\jdk1.6.0_16\jre\lib\jsse.jar;C:\Java\jdk1.6.0_16\jre\lib\jce.jar;C:\Java\jdk1.6.0_16\jre\lib\charsets.jar;C:\Java\jdk1.6.0_16\jre\classes"/>
    <property name="java.vendor" value="Sun Microsystems Inc."/>
    <property name="localRepository" value="C:\Users\Joseph\.m2\repository"/>
    <property name="file.separator" value="\"/>
    <property name="java.vendor.url.bug" value="http://java.sun.com/cgi-bin/bugreport.cgi"/>
    <property name="sun.cpu.endian" value="little"/>
    <property name="sun.io.unicode.encoding" value="UnicodeLittle"/>
    <property name="sun.desktop" value="windows"/>
    <property name="sun.cpu.isalist" value="amd64"/>
  </properties>
  <testcase time="0.934" classname="sengGroup.AppTest" name="testXml">
    <error message="line 28 does not exist" type="java.lang.IllegalArgumentException">java.lang.IllegalArgumentException: line 28 does not exist
	at scala.io.Source.getLine(Source.scala:280)
	at scala.io.Source.report(Source.scala:368)
	at scala.io.Source.reportError(Source.scala:355)
	at scala.io.Source.reportError(Source.scala:344)
	at scala.xml.parsing.MarkupParser$class.reportSyntaxError(MarkupParser.scala:1113)
	at net.liftweb.util.PCDataXmlParser.reportSyntaxError(PCDataMarkupParser.scala:91)
	at scala.xml.parsing.MarkupParser$class.reportSyntaxError(MarkupParser.scala:1117)
	at net.liftweb.util.PCDataXmlParser.reportSyntaxError(PCDataMarkupParser.scala:91)
	at scala.xml.parsing.MarkupParser$class.xEndTag(MarkupParser.scala:378)
	at net.liftweb.util.PCDataXmlParser.xEndTag(PCDataMarkupParser.scala:91)
	at scala.xml.parsing.MarkupParser$class.element1(MarkupParser.scala:683)
	at net.liftweb.util.PCDataXmlParser.element1(PCDataMarkupParser.scala:91)
	at scala.xml.parsing.MarkupParser$class.content1(MarkupParser.scala:481)
	at net.liftweb.util.PCDataXmlParser.content1(PCDataMarkupParser.scala:91)
	at scala.xml.parsing.MarkupParser$class.content(MarkupParser.scala:505)
	at net.liftweb.util.PCDataXmlParser.content(PCDataMarkupParser.scala:91)
	at scala.xml.parsing.MarkupParser$class.element1(MarkupParser.scala:682)
	at net.liftweb.util.PCDataXmlParser.element1(PCDataMarkupParser.scala:91)
	at scala.xml.parsing.MarkupParser$class.content1(MarkupParser.scala:481)
	at net.liftweb.util.PCDataXmlParser.content1(PCDataMarkupParser.scala:91)
	at scala.xml.parsing.MarkupParser$class.content(MarkupParser.scala:505)
	at net.liftweb.util.PCDataXmlParser.content(PCDataMarkupParser.scala:91)
	at scala.xml.parsing.MarkupParser$class.element1(MarkupParser.scala:682)
	at net.liftweb.util.PCDataXmlParser.element1(PCDataMarkupParser.scala:91)
	at scala.xml.parsing.MarkupParser$class.content1(MarkupParser.scala:481)
	at net.liftweb.util.PCDataXmlParser.content1(PCDataMarkupParser.scala:91)
	at scala.xml.parsing.MarkupParser$class.content(MarkupParser.scala:505)
	at net.liftweb.util.PCDataXmlParser.content(PCDataMarkupParser.scala:91)
	at scala.xml.parsing.MarkupParser$class.element1(MarkupParser.scala:682)
	at net.liftweb.util.PCDataXmlParser.element1(PCDataMarkupParser.scala:91)
	at scala.xml.parsing.MarkupParser$class.content1(MarkupParser.scala:481)
	at net.liftweb.util.PCDataXmlParser.content1(PCDataMarkupParser.scala:91)
	at scala.xml.parsing.MarkupParser$class.content(MarkupParser.scala:505)
	at net.liftweb.util.PCDataXmlParser.content(PCDataMarkupParser.scala:91)
	at scala.xml.parsing.MarkupParser$class.document(MarkupParser.scala:207)
	at net.liftweb.util.PCDataXmlParser.document(PCDataMarkupParser.scala:91)
	at net.liftweb.util.PCDataXmlParser$.apply(PCDataMarkupParser.scala:102)
	at sengGroup.AppTest.wellFormed$1(AppTest.scala:59)
	at sengGroup.AppTest$$anonfun$wellFormed$1$1.apply(AppTest.scala:49)
	at sengGroup.AppTest$$anonfun$wellFormed$1$1.apply(AppTest.scala:49)
	at scala.Iterator$class.foreach(Iterator.scala:414)
	at scala.runtime.BoxedArray$AnyIterator.foreach(BoxedArray.scala:45)
	at scala.Iterable$class.foreach(Iterable.scala:256)
	at scala.runtime.BoxedArray.foreach(BoxedArray.scala:24)
	at sengGroup.AppTest.wellFormed$1(AppTest.scala:49)
	at sengGroup.AppTest$$anonfun$wellFormed$1$1.apply(AppTest.scala:49)
	at sengGroup.AppTest$$anonfun$wellFormed$1$1.apply(AppTest.scala:49)
	at scala.Iterator$class.foreach(Iterator.scala:414)
	at scala.runtime.BoxedArray$AnyIterator.foreach(BoxedArray.scala:45)
	at scala.Iterable$class.foreach(Iterable.scala:256)
	at scala.runtime.BoxedArray.foreach(BoxedArray.scala:24)
	at sengGroup.AppTest.wellFormed$1(AppTest.scala:49)
	at sengGroup.AppTest.testXml(AppTest.scala:66)
	at sun.reflect.NativeMethodAccessorImpl.invoke0(Native Method)
	at sun.reflect.NativeMethodAccessorImpl.invoke(NativeMethodAccessorImpl.java:39)
	at sun.reflect.DelegatingMethodAccessorImpl.invoke(DelegatingMethodAccessorImpl.java:25)
	at java.lang.reflect.Method.invoke(Method.java:597)
	at junit.framework.TestCase.runTest(TestCase.java:168)
	at junit.framework.TestCase.runBare(TestCase.java:134)
	at junit.framework.TestResult$1.protect(TestResult.java:110)
	at junit.framework.TestResult.runProtected(TestResult.java:128)
	at junit.framework.TestResult.run(TestResult.java:113)
	at junit.framework.TestCase.run(TestCase.java:124)
	at junit.framework.TestSuite.runTest(TestSuite.java:232)
	at junit.framework.TestSuite.run(TestSuite.java:227)
	at org.junit.internal.runners.JUnit38ClassRunner.run(JUnit38ClassRunner.java:79)
	at org.apache.maven.surefire.junit4.JUnit4TestSet.execute(JUnit4TestSet.java:62)
	at org.apache.maven.surefire.suite.AbstractDirectoryTestSuite.executeTestSet(AbstractDirectoryTestSuite.java:140)
	at org.apache.maven.surefire.suite.AbstractDirectoryTestSuite.execute(AbstractDirectoryTestSuite.java:127)
	at org.apache.maven.surefire.Surefire.run(Surefire.java:177)
	at sun.reflect.NativeMethodAccessorImpl.invoke0(Native Method)
	at sun.reflect.NativeMethodAccessorImpl.invoke(NativeMethodAccessorImpl.java:39)
	at sun.reflect.DelegatingMethodAccessorImpl.invoke(DelegatingMethodAccessorImpl.java:25)
	at java.lang.reflect.Method.invoke(Method.java:597)
	at org.apache.maven.surefire.booter.SurefireBooter.runSuitesInProcess(SurefireBooter.java:345)
	at org.apache.maven.surefire.booter.SurefireBooter.main(SurefireBooter.java:1009)
</error>
    <system-out>webapp
account
addToBalance.html
details.html
myAccount.html
personal.html
personalLogin.html
tripHistory.html
admin.html
adminlogin.html
home.html
images
apple-touch-icon.png
navbar.png
title.png
index.html
iphone
accounts.html
home.html
iphone-template.html
makeTrip.html
viewAcc.html
jquery-1.4.2.min.js
login.html
logout.html
main.css
makeTrip.html
Routes.html
status.html
Templates
main template.dwt
templates-hidden
default.html
UiUIKit
about.html
</system-out>
  </testcase>
  <testcase time="0" classname="sengGroup.AppTest" name="testOK"/>
</testsuite>